<?xml version="1.0" encoding="UTF-8"?>
<!-- Generated by org.testng.reporters.JUnitReportReporter -->
<testsuite hostname="LCE16392" name="SalesForce.TC_XXXX_Create_Account" tests="1" failures="0" timestamp="10 Jul 2019 08:59:27 GMT" time="25.703" errors="0">
  <testcase name="TC_XXXX_Account_Process_Create_Account" time="25.703" classname="SalesForce.TC_XXXX_Create_Account"/>
</testsuite> <!-- SalesForce.TC_XXXX_Create_Account -->
