<?xml version="1.0" encoding="UTF-8"?>
<!-- Generated by org.testng.reporters.JUnitReportReporter -->
<testsuite hostname="LCE16392" name="SalesForce.Proposal_C4S" tests="1" failures="0" timestamp="13 Dec 2019 15:55:53 GMT" time="61.175" errors="0">
  <testcase name="TC_5347_MVP_Minimaler_End2End_Test_case" time="61.175" classname="SalesForce.Proposal_C4S"/>
</testsuite> <!-- SalesForce.Proposal_C4S -->
