<?xml version="1.0" encoding="UTF-8"?>
<!-- Generated by org.testng.reporters.JUnitReportReporter -->
<testsuite hostname="LCE16392" name="SalesForce.TC_1998_Account_Process" tests="1" failures="0" timestamp="3 Jul 2019 12:12:06 GMT" time="51.469" errors="0">
  <testcase name="TC_1998_Account_Screen_Account_Information_1" time="51.469" classname="SalesForce.TC_1998_Account_Process"/>
</testsuite> <!-- SalesForce.TC_1998_Account_Process -->
