<?xml version="1.0" encoding="UTF-8"?>
<!-- Generated by org.testng.reporters.JUnitReportReporter -->
<testsuite hostname="LCE16392" name="SalesForce.CAP_SmokeTest_to_Existing_Account_IKA_UAT" tests="1" failures="0" timestamp="9 Jun 2020 16:47:54 GMT" time="832.621" errors="0">
  <testcase name="TC_MVP_E2E_OnlyTruck_Test_case" time="832.621" classname="SalesForce.CAP_SmokeTest_to_Existing_Account_IKA_UAT"/>
</testsuite> <!-- SalesForce.CAP_SmokeTest_to_Existing_Account_IKA_UAT -->
