<?xml version="1.0" encoding="UTF-8"?>
<!-- Generated by org.testng.reporters.JUnitReportReporter -->
<testsuite hostname="LCE16392" name="SalesForce.PROD_Regression_Calculation_Szenario5_PROD" tests="1" failures="0" timestamp="16 Jun 2020 06:35:19 GMT" time="521.875" errors="0">
  <testcase name="PROD_Regression_Calculation_Szenario5" time="521.875" classname="SalesForce.PROD_Regression_Calculation_Szenario5_PROD"/>
</testsuite> <!-- SalesForce.PROD_Regression_Calculation_Szenario5_PROD -->
