<?xml version="1.0" encoding="UTF-8"?>
<!-- Generated by org.testng.reporters.JUnitReportReporter -->
<testsuite hostname="LCE16392" name="SalesForce.Preformance_Account_Process" tests="1" failures="0" timestamp="18 Oct 2019 12:36:14 GMT" time="113.252" errors="0">
  <testcase name="Preformance_for_Account" time="113.252" classname="SalesForce.Preformance_Account_Process"/>
</testsuite> <!-- SalesForce.Preformance_Account_Process -->
