<?xml version="1.0" encoding="UTF-8"?>
<!-- Generated by org.testng.reporters.JUnitReportReporter -->
<testsuite hostname="LCE16392" name="SalesForce.test_Blocks_returns" tests="1" failures="0" timestamp="16 Feb 2020 20:18:51 GMT" time="66.751" errors="0">
  <testcase name="TC_MVP_E2E_OnlyTruck_Test_case" time="66.751" classname="SalesForce.test_Blocks_returns"/>
</testsuite> <!-- SalesForce.test_Blocks_returns -->
