<?xml version="1.0" encoding="UTF-8"?>
<!-- Generated by org.testng.reporters.JUnitReportReporter -->
<testsuite hostname="LCE16392" name="SalesForce.TestAddProductsPROD" tests="1" failures="0" timestamp="19 May 2020 21:03:31 GMT" time="631.000" errors="0">
  <testcase name="MVP_E2E_OnlyTruck_Test_case" time="631.000" classname="SalesForce.TestAddProductsPROD"/>
</testsuite> <!-- SalesForce.TestAddProductsPROD -->
