<?xml version="1.0" encoding="UTF-8"?>
<!-- Generated by org.testng.reporters.JUnitReportReporter -->
<testsuite hostname="LCE16392" name="SalesForce.MVP_E2E_Maximum_Test" tests="1" failures="0" timestamp="14 Feb 2020 14:09:43 GMT" time="119.345" errors="0">
  <testcase name="MVP_E2E_OnlyTruck_Test_case" time="119.345" classname="SalesForce.MVP_E2E_Maximum_Test"/>
</testsuite> <!-- SalesForce.MVP_E2E_Maximum_Test -->
