<?xml version="1.0" encoding="UTF-8"?>
<!-- Generated by org.testng.reporters.JUnitReportReporter -->
<testsuite hostname="LCE16392" name="SalesForce.DMLPerformanceTest" tests="1" failures="0" timestamp="10 Jun 2020 11:36:55 GMT" time="310.736" errors="0">
  <testcase name="Test_case" time="310.736" classname="SalesForce.DMLPerformanceTest"/>
</testsuite> <!-- SalesForce.DMLPerformanceTest -->
