<?xml version="1.0" encoding="UTF-8"?>
<!-- Generated by org.testng.reporters.JUnitReportReporter -->
<testsuite hostname="LCE16392" name="SalesForce.CAP_SmokeTest_to_Create_Account_with_Contact_UAT" tests="1" failures="0" timestamp="8 May 2020 11:29:32 GMT" time="70.810" errors="0">
  <testcase name="TC_MVP_E2E_OnlyTruck_Test_case" time="70.810" classname="SalesForce.CAP_SmokeTest_to_Create_Account_with_Contact_UAT"/>
</testsuite> <!-- SalesForce.CAP_SmokeTest_to_Create_Account_with_Contact_UAT -->
