<?xml version="1.0" encoding="UTF-8"?>
<!-- Generated by org.testng.reporters.JUnitReportReporter -->
<testsuite hostname="LCE16392" name="SalesForce.TC_5347_MVP_Minimaler_End2End_Test_case" tests="1" failures="0" timestamp="21 Nov 2019 09:55:47 GMT" time="127.291" errors="0">
  <testcase name="TC_5347_MVP_Minimaler_End2End_Test_case" time="127.291" classname="SalesForce.TC_5347_MVP_Minimaler_End2End_Test_case"/>
</testsuite> <!-- SalesForce.TC_5347_MVP_Minimaler_End2End_Test_case -->
