<?xml version="1.0" encoding="UTF-8"?>
<!-- Generated by org.testng.reporters.JUnitReportReporter -->
<testsuite hostname="LCE16392" name="SalesForce.CAP_Regression_Calculation_TC1_UAT" tests="1" failures="0" timestamp="14 May 2020 11:20:42 GMT" time="869.636" errors="0">
  <testcase name="TC1_Regression_Calculation" time="869.636" classname="SalesForce.CAP_Regression_Calculation_TC1_UAT"/>
</testsuite> <!-- SalesForce.CAP_Regression_Calculation_TC1_UAT -->
