<?xml version="1.0" encoding="UTF-8"?>
<!-- Generated by org.testng.reporters.JUnitReportReporter -->
<testsuite hostname="LCE16392" name="SalesForce.PROD_Regression_Calculation_Szenario4_PROD" tests="1" failures="0" timestamp="15 Jun 2020 20:18:34 GMT" time="593.096" errors="0">
  <testcase name="PROD_Regression_Calculation_Szenario4" time="593.096" classname="SalesForce.PROD_Regression_Calculation_Szenario4_PROD"/>
</testsuite> <!-- SalesForce.PROD_Regression_Calculation_Szenario4_PROD -->
