<?xml version="1.0" encoding="UTF-8"?>
<!-- Generated by org.testng.reporters.JUnitReportReporter -->
<testsuite hostname="LCE16392" name="SalesForce.CAP_create_TestData_to_Account_UAT" tests="1" failures="0" timestamp="12 May 2020 10:01:16 GMT" time="281.705" errors="0">
  <testcase name="TC_MVP_E2E_OnlyTruck_Test_case" time="281.705" classname="SalesForce.CAP_create_TestData_to_Account_UAT"/>
</testsuite> <!-- SalesForce.CAP_create_TestData_to_Account_UAT -->
