<?xml version="1.0" encoding="UTF-8"?>
<!-- Generated by org.testng.reporters.JUnitReportReporter -->
<testsuite hostname="LCE16392" name="SalesForce.testChangeMock" tests="1" failures="0" timestamp="17 May 2020 18:03:19 GMT" time="88.092" errors="0">
  <testcase name="MVP_E2E_OnlyTruck_Test_case" time="88.092" classname="SalesForce.testChangeMock"/>
</testsuite> <!-- SalesForce.testChangeMock -->
