<?xml version="1.0" encoding="UTF-8"?>
<!-- Generated by org.testng.reporters.JUnitReportReporter -->
<testsuite hostname="LCE16392" name="SalesForce.TestcheckOrder" tests="1" failures="0" timestamp="17 Mar 2020 11:46:32 GMT" time="63.001" errors="0">
  <testcase name="TC_MVP_E2E_OnlyTruck_Test_case" time="63.001" classname="SalesForce.TestcheckOrder"/>
</testsuite> <!-- SalesForce.TestcheckOrder -->
