<?xml version="1.0" encoding="UTF-8"?>
<!-- Generated by org.testng.reporters.JUnitReportReporter -->
<testsuite hostname="LCE16392" name="SalesForce.HomePage" tests="2" failures="0" timestamp="2 Jul 2019 06:25:44 GMT" time="83.091" errors="0">
  <testcase name="TC_2008_Account_Screen_List_View" time="48.688" classname="SalesForce.HomePage"/>
  <testcase name="TC_1996_Account_Screen_Highlight_Panel" time="34.403" classname="SalesForce.HomePage"/>
</testsuite> <!-- SalesForce.HomePage -->
